<?xml version="1.0" encoding="UTF-8"?>
<!-- Generated by org.testng.reporters.JUnitReportReporter -->
<testsuite skipped="0" hostname="DELL5490MCI-116" name="pages.TC001" tests="1" failures="0" timestamp="14 Feb 2020 05:59:42 GMT" time="7.405" errors="0">
  <testcase name="test" time="7.405" classname="pages.TC001"/>
</testsuite> <!-- pages.TC001 -->
