<?xml version="1.0" encoding="UTF-8"?>
<!-- Generated by org.testng.reporters.JUnitReportReporter -->
<testsuite skipped="0" hostname="DELL5490MCI-116" name="testCases.TC002" tests="1" failures="0" timestamp="06 Mar 2020 14:53:53 GMT" time="5.086" errors="0">
  <testcase name="downloadExtension" time="5.086" classname="testCases.TC002"/>
</testsuite> <!-- testCases.TC002 -->
